<?xml version="1.0" encoding="UTF-8"?>
<!-- Generated by org.testng.reporters.JUnitReportReporter -->
<testsuite skipped="0" hostname="AmirPC" name="StaticDropdown_Currency.Staticdropdown" tests="1" failures="0" timestamp="11 Sep 2020 10:18:34 GMT" time="31.414" errors="0">
  <testcase name="currencydropdown" time="31.414" classname="StaticDropdown_Currency.Staticdropdown"/>
</testsuite> <!-- StaticDropdown_Currency.Staticdropdown -->
