<?xml version="1.0" encoding="UTF-8"?>
<!-- Generated by org.testng.reporters.JUnitReportReporter -->
<testsuite skipped="0" hostname="AmirPC" name="autosuggestivedropdown.Auto_Suggestive_Dropdown_with_js_executor" tests="1" failures="0" timestamp="16 Sep 2020 06:57:00 GMT" time="20.367" errors="0">
  <testcase name="autodropdown" time="20.367" classname="autosuggestivedropdown.Auto_Suggestive_Dropdown_with_js_executor"/>
</testsuite> <!-- autosuggestivedropdown.Auto_Suggestive_Dropdown_with_js_executor -->
