<?xml version="1.0" encoding="UTF-8"?>
<!-- Generated by org.testng.reporters.JUnitReportReporter -->
<testsuite skipped="0" hostname="AmirPC" name="dynamicdropdown_From_TO.From2To_Dropdown" tests="1" failures="0" timestamp="10 Sep 2020 12:32:31 GMT" time="39.824" errors="0">
  <testcase name="From_and_To" time="39.824" classname="dynamicdropdown_From_TO.From2To_Dropdown"/>
</testsuite> <!-- dynamicdropdown_From_TO.From2To_Dropdown -->
