<?xml version="1.0" encoding="UTF-8"?>
<!-- Generated by org.testng.reporters.JUnitReportReporter -->
<testsuite skipped="0" hostname="AmirPC" name="multiple_windows_handle.MultipleWindows" tests="1" failures="0" timestamp="14 Sep 2020 09:40:58 GMT" time="14.098" errors="0">
  <testcase name="widnowhandles" time="14.098" classname="multiple_windows_handle.MultipleWindows"/>
</testsuite> <!-- multiple_windows_handle.MultipleWindows -->
