<?xml version="1.0" encoding="UTF-8"?>
<!-- Generated by org.testng.reporters.JUnitReportReporter -->
<testsuite skipped="0" hostname="AmirPC" name="dynamic_calender.calenderhandling" tests="1" failures="0" timestamp="06 Oct 2020 06:07:33 GMT" time="91.928" errors="0">
  <testcase name="Calender" time="91.928" classname="dynamic_calender.calenderhandling"/>
</testsuite> <!-- dynamic_calender.calenderhandling -->
